<?xml version="1.0" encoding="UTF-8"?>
<!-- Generated by org.testng.reporters.JUnitReportReporter -->
<testsuite hostname="DESKTOP-7S2DINN" failures="0" tests="1" name="com.inetBanking.testCases.TC_AddProductsTest_003" time="2.798" errors="0" timestamp="2022-01-11T14:52:31 IST" skipped="0">
  <testcase classname="com.inetBanking.testCases.TC_AddProductsTest_003" name="addProductsToCart" time="2.798"/>
  <system-out/>
</testsuite> <!-- com.inetBanking.testCases.TC_AddProductsTest_003 -->
