<?xml version="1.0" encoding="UTF-8"?>
<!-- Generated by org.testng.reporters.JUnitReportReporter -->
<testsuite hostname="DESKTOP-LGS63QL" failures="0" tests="1" name="com.inetBanking.testCases.TC_LoginTest_004" time="2.680" errors="0" timestamp="2022-03-17T19:35:24 IST" skipped="0">
  <testcase classname="com.inetBanking.testCases.TC_LoginTest_004" name="loginTest" time="2.680"/>
  <system-out/>
</testsuite> <!-- com.inetBanking.testCases.TC_LoginTest_004 -->
