<?xml version="1.0" encoding="UTF-8"?>
<!-- Generated by org.testng.reporters.JUnitReportReporter -->
<testsuite hostname="DESKTOP-LGS63QL" failures="0" tests="3" name="com.inetBanking.testCases.TC_LoginDDT_002" time="21.888" errors="0" timestamp="2022-03-17T19:35:24 IST" skipped="0">
  <testcase classname="com.inetBanking.testCases.TC_LoginDDT_002" name="loginDDT" time="0.461"/>
  <system-out/>
  <testcase classname="com.inetBanking.testCases.TC_LoginDDT_002" name="loginDDT" time="10.589"/>
  <system-out/>
  <testcase classname="com.inetBanking.testCases.TC_LoginDDT_002" name="loginDDT" time="10.838"/>
  <system-out/>
</testsuite> <!-- com.inetBanking.testCases.TC_LoginDDT_002 -->
