<?xml version="1.0" encoding="UTF-8"?>
<!-- Generated by org.testng.reporters.JUnitReportReporter -->
<testsuite skipped="0" hostname="DESKTOP-7S2DINN" name="com.inetBanking.testCases.TC_AddProductsTest_003" tests="1" failures="0" timestamp="2022-01-14T12:59:28 IST" time="2.789" errors="0">
  <testcase name="addProductsToCart" time="2.789" classname="com.inetBanking.testCases.TC_AddProductsTest_003"/>
  <system-out/>
</testsuite> <!-- com.inetBanking.testCases.TC_AddProductsTest_003 -->
