<?xml version="1.0" encoding="UTF-8"?>
<!-- Generated by org.testng.reporters.JUnitReportReporter -->
<testsuite skipped="0" hostname="DESKTOP-7S2DINN" name="com.inetBanking.testCases.TC_LoginDDT_002" tests="3" failures="0" timestamp="2022-01-14T12:59:28 IST" time="21.971" errors="0">
  <testcase name="loginDDT" time="10.613" classname="com.inetBanking.testCases.TC_LoginDDT_002"/>
  <system-out/>
  <testcase name="loginDDT" time="0.431" classname="com.inetBanking.testCases.TC_LoginDDT_002"/>
  <system-out/>
  <testcase name="loginDDT" time="10.927" classname="com.inetBanking.testCases.TC_LoginDDT_002"/>
  <system-out/>
</testsuite> <!-- com.inetBanking.testCases.TC_LoginDDT_002 -->
